<?xml version="1.0" encoding="UTF-8"?>
<!-- Generated by org.testng.reporters.JUnitReportReporter -->
<testsuite hostname="LAU03004504" name="purchaseBooks.AddBook" tests="5" failures="0" timestamp="20 Apr 2020 00:44:10 GMT" time="0.017" errors="0">
  <testcase name="LoginPage" time="0.009" classname="purchaseBooks.AddBook"/>
  <testcase name="billingandPaymentInformation" time="0.002" classname="purchaseBooks.AddBook"/>
  <testcase name="searchBooks" time="0.002" classname="purchaseBooks.AddBook"/>
  <testcase name="checkOutandVerifyOrder" time="0.002" classname="purchaseBooks.AddBook"/>
  <testcase name="customerDetailsandAddToCart" time="0.002" classname="purchaseBooks.AddBook"/>
</testsuite> <!-- purchaseBooks.AddBook -->
